#
# There is insufficient memory for the Java Runtime Environment to continue.
# Native memory allocation (malloc) failed to allocate 32744 bytes for ChunkPool::allocate
# Possible reasons:
#   The system is out of physical RAM or swap space
#   The process is running with CompressedOops enabled, and the Java Heap may be blocking the growth of the native heap
# Possible solutions:
#   Reduce memory load on the system
#   Increase physical memory or swap space
#   Check if swap backing store is full
#   Decrease Java heap size (-Xmx/-Xms)
#   Decrease number of Java threads
#   Decrease Java thread stack sizes (-Xss)
#   Set larger code cache with -XX:ReservedCodeCacheSize=
#   JVM is running with Unscaled Compressed Oops mode in which the Java heap is
#     placed in the first 4GB address space. The Java Heap base address is the
#     maximum limit for the native heap growth. Please use -XX:HeapBaseMinAddress
#     to set the Java Heap base and to place the Java Heap above 4GB virtual address.
# This output file may be truncated or incomplete.
#
#  Out of Memory Error (./src/hotspot/share/memory/arena.cpp:81), pid=33592, tid=8204
#
# JRE version: OpenJDK Runtime Environment (11.0.11+9) (build 11.0.11+9-b60-7590822)
# Java VM: OpenJDK 64-Bit Server VM (11.0.11+9-b60-7590822, mixed mode, tiered, compressed oops, g1 gc, windows-amd64)
# No core dump will be written. Minidumps are not enabled by default on client versions of Windows
#

---------------  S U M M A R Y ------------

Command Line: --add-opens=java.base/java.util=ALL-UNNAMED --add-opens=java.base/java.lang=ALL-UNNAMED --add-opens=java.base/java.lang.invoke=ALL-UNNAMED --add-opens=java.base/java.util=ALL-UNNAMED --add-opens=java.prefs/java.util.prefs=ALL-UNNAMED --add-opens=java.prefs/java.util.prefs=ALL-UNNAMED --add-opens=java.base/java.nio.charset=ALL-UNNAMED --add-opens=java.base/java.net=ALL-UNNAMED --add-opens=java.base/java.util.concurrent.atomic=ALL-UNNAMED -Xmx2048m -Dfile.encoding=UTF-8 -Duser.country=US -Duser.language=en -Duser.variant org.gradle.launcher.daemon.bootstrap.GradleDaemon 7.2

Host: 11th Gen Intel(R) Core(TM) i7-1165G7 @ 2.80GHz, 8 cores, 15G,  Windows 10 , 64 bit Build 19041 (10.0.19041.1889)
Time: Tue Sep  6 11:39:39 2022 Pacific Daylight Time elapsed time: 3.015477 seconds (0d 0h 0m 3s)

---------------  T H R E A D  ---------------

Current thread (0x00000220fe81b000):  JavaThread "C2 CompilerThread0" daemon [_thread_in_native, id=8204, stack(0x000000ad29d00000,0x000000ad29e00000)]


Current CompileTask:
C2:   3015 2228   !   4       java.net.URLClassLoader$1::run (63 bytes)

Stack: [0x000000ad29d00000,0x000000ad29e00000]
Native frames: (J=compiled Java code, j=interpreted, Vv=VM code, C=native code)
V  [jvm.dll+0x5f214a]
V  [jvm.dll+0x726fb5]
V  [jvm.dll+0x7285cd]
V  [jvm.dll+0x728c83]
V  [jvm.dll+0x243278]
V  [jvm.dll+0xbc78b]
V  [jvm.dll+0xbca3c]
V  [jvm.dll+0x35926c]
V  [jvm.dll+0x4ec537]
V  [jvm.dll+0x3218c2]
V  [jvm.dll+0x320d8a]
V  [jvm.dll+0x1fc1e2]
V  [jvm.dll+0x1fb3d4]
V  [jvm.dll+0x183d6c]
V  [jvm.dll+0x209a57]
V  [jvm.dll+0x2082a1]
V  [jvm.dll+0x6ef58f]
V  [jvm.dll+0x6e80b5]
V  [jvm.dll+0x5f1036]
C  [ucrtbase.dll+0x21bb2]
C  [KERNEL32.DLL+0x17034]
C  [ntdll.dll+0x52651]


---------------  P R O C E S S  ---------------

Threads class SMR info:
_java_thread_list=0x000002209076a160, length=29, elements={
0x00000220f2abe800, 0x00000220fe7b0800, 0x00000220fe7b1800, 0x00000220fe816800,
0x00000220fe817800, 0x00000220fe819000, 0x00000220fe81b000, 0x00000220fe828800,
0x00000220fe853800, 0x00000220fe9ba800, 0x0000022090418800, 0x0000022090b8b800,
0x00000220901ee000, 0x00000220fecdb800, 0x000002209137f800, 0x000002208f853000,
0x0000022090a12800, 0x0000022091202800, 0x0000022090e45000, 0x0000022090e46800,
0x0000022090e49800, 0x0000022090e48000, 0x0000022090e44000, 0x0000022090e47000,
0x00000220914cc800, 0x0000022090e45800, 0x0000022090e49000, 0x0000022090e4a800,
0x0000022091911000
}

Java Threads: ( => current thread )
  0x00000220f2abe800 JavaThread "main" [_thread_blocked, id=24800, stack(0x000000ad29100000,0x000000ad29200000)]
  0x00000220fe7b0800 JavaThread "Reference Handler" daemon [_thread_blocked, id=22488, stack(0x000000ad29800000,0x000000ad29900000)]
  0x00000220fe7b1800 JavaThread "Finalizer" daemon [_thread_blocked, id=21200, stack(0x000000ad29900000,0x000000ad29a00000)]
  0x00000220fe816800 JavaThread "Signal Dispatcher" daemon [_thread_blocked, id=33116, stack(0x000000ad29a00000,0x000000ad29b00000)]
  0x00000220fe817800 JavaThread "Attach Listener" daemon [_thread_blocked, id=17640, stack(0x000000ad29b00000,0x000000ad29c00000)]
  0x00000220fe819000 JavaThread "Service Thread" daemon [_thread_blocked, id=2132, stack(0x000000ad29c00000,0x000000ad29d00000)]
=>0x00000220fe81b000 JavaThread "C2 CompilerThread0" daemon [_thread_in_native, id=8204, stack(0x000000ad29d00000,0x000000ad29e00000)]
  0x00000220fe828800 JavaThread "C1 CompilerThread0" daemon [_thread_blocked, id=732, stack(0x000000ad29e00000,0x000000ad29f00000)]
  0x00000220fe853800 JavaThread "Sweeper thread" daemon [_thread_blocked, id=31832, stack(0x000000ad29f00000,0x000000ad2a000000)]
  0x00000220fe9ba800 JavaThread "Common-Cleaner" daemon [_thread_blocked, id=21540, stack(0x000000ad2a000000,0x000000ad2a100000)]
  0x0000022090418800 JavaThread "Daemon health stats" [_thread_blocked, id=13648, stack(0x000000ad2a900000,0x000000ad2aa00000)]
  0x0000022090b8b800 JavaThread "Incoming local TCP Connector on port 53799" [_thread_in_native, id=25704, stack(0x000000ad2a200000,0x000000ad2a300000)]
  0x00000220901ee000 JavaThread "Daemon periodic checks" [_thread_blocked, id=12752, stack(0x000000ad2a300000,0x000000ad2a400000)]
  0x00000220fecdb800 JavaThread "Daemon" [_thread_blocked, id=16940, stack(0x000000ad2aa00000,0x000000ad2ab00000)]
  0x000002209137f800 JavaThread "Handler for socket connection from /127.0.0.1:53799 to /127.0.0.1:53800" [_thread_in_native, id=10172, stack(0x000000ad2ab00000,0x000000ad2ac00000)]
  0x000002208f853000 JavaThread "Cancel handler" [_thread_blocked, id=21288, stack(0x000000ad2ac00000,0x000000ad2ad00000)]
  0x0000022090a12800 JavaThread "Daemon worker" [_thread_in_vm, id=30608, stack(0x000000ad2ad00000,0x000000ad2ae00000)]
  0x0000022091202800 JavaThread "Asynchronous log dispatcher for DefaultDaemonConnection: socket connection from /127.0.0.1:53799 to /127.0.0.1:53800" [_thread_blocked, id=30712, stack(0x000000ad2ae00000,0x000000ad2af00000)]
  0x0000022090e45000 JavaThread "Stdin handler" [_thread_blocked, id=288, stack(0x000000ad2af00000,0x000000ad2b000000)]
  0x0000022090e46800 JavaThread "Daemon client event forwarder" [_thread_blocked, id=21612, stack(0x000000ad2b000000,0x000000ad2b100000)]
  0x0000022090e49800 JavaThread "Cache worker for journal cache (C:\Users\tjhar\.gradle\caches\journal-1)" [_thread_blocked, id=31884, stack(0x000000ad2b100000,0x000000ad2b200000)]
  0x0000022090e48000 JavaThread "File lock request listener" [_thread_in_native, id=10704, stack(0x000000ad2b200000,0x000000ad2b300000)]
  0x0000022090e44000 JavaThread "Cache worker for file hash cache (C:\Users\tjhar\.gradle\caches\7.2\fileHashes)" [_thread_blocked, id=15960, stack(0x000000ad2b300000,0x000000ad2b400000)]
  0x0000022090e47000 JavaThread "Cache worker for file hash cache (C:\Users\tjhar\Documents\UCMERCED\SPRING2022\CSE162\Labs\Lab6FaceDetector\.gradle\7.2\fileHashes)" [_thread_blocked, id=24404, stack(0x000000ad2b700000,0x000000ad2b800000)]
  0x00000220914cc800 JavaThread "C2 CompilerThread1" daemon [_thread_in_native, id=32812, stack(0x000000ad2b800000,0x000000ad2b900000)]
  0x0000022090e45800 JavaThread "File watcher server" daemon [_thread_in_native, id=10740, stack(0x000000ad2b900000,0x000000ad2ba00000)]
  0x0000022090e49000 JavaThread "File watcher consumer" daemon [_thread_blocked, id=2296, stack(0x000000ad2ba00000,0x000000ad2bb00000)]
  0x0000022090e4a800 JavaThread "Cache worker for checksums cache (C:\Users\tjhar\Documents\UCMERCED\SPRING2022\CSE162\Labs\Lab6FaceDetector\.gradle\checksums)" [_thread_blocked, id=33412, stack(0x000000ad2bb00000,0x000000ad2bc00000)]
  0x0000022091911000 JavaThread "Cache worker for cache directory md-supplier (C:\Users\tjhar\.gradle\caches\7.2\md-supplier)" [_thread_blocked, id=32056, stack(0x000000ad2bc00000,0x000000ad2bd00000)]

Other Threads:
  0x00000220fe7ac800 VMThread "VM Thread" [stack: 0x000000ad29700000,0x000000ad29800000] [id=13968]
  0x00000220fe9cf800 WatcherThread [stack: 0x000000ad2a100000,0x000000ad2a200000] [id=24560]
  0x00000220f2ad7800 GCTaskThread "GC Thread#0" [stack: 0x000000ad29200000,0x000000ad29300000] [id=24112]
  0x000002208f1b8000 GCTaskThread "GC Thread#1" [stack: 0x000000ad2a400000,0x000000ad2a500000] [id=21412]
  0x00000220fefc7800 GCTaskThread "GC Thread#2" [stack: 0x000000ad2a500000,0x000000ad2a600000] [id=27556]
  0x000002208f400800 GCTaskThread "GC Thread#3" [stack: 0x000000ad2a600000,0x000000ad2a700000] [id=18968]
  0x00000220ff3c7800 GCTaskThread "GC Thread#4" [stack: 0x000000ad2a700000,0x000000ad2a800000] [id=17072]
  0x00000220ff3c8000 GCTaskThread "GC Thread#5" [stack: 0x000000ad2a800000,0x000000ad2a900000] [id=24512]
  0x00000220907c0000 GCTaskThread "GC Thread#6" [stack: 0x000000ad2b400000,0x000000ad2b500000] [id=27788]
  0x000002209057f000 GCTaskThread "GC Thread#7" [stack: 0x000000ad2b500000,0x000000ad2b600000] [id=21096]
  0x00000220f2b09800 ConcurrentGCThread "G1 Main Marker" [stack: 0x000000ad29300000,0x000000ad29400000] [id=3468]
  0x00000220f2b0b800 ConcurrentGCThread "G1 Conc#0" [stack: 0x000000ad29400000,0x000000ad29500000] [id=29756]
  0x000002208fc45000 ConcurrentGCThread "G1 Conc#1" [stack: 0x000000ad2b600000,0x000000ad2b700000] [id=25080]
  0x00000220f2b9d800 ConcurrentGCThread "G1 Refine#0" [stack: 0x000000ad29500000,0x000000ad29600000] [id=20380]
  0x00000220f2b9e800 ConcurrentGCThread "G1 Young RemSet Sampling" [stack: 0x000000ad29600000,0x000000ad29700000] [id=11516]

Threads with active compile tasks:
C2 CompilerThread0   3034 2228   !   4       java.net.URLClassLoader$1::run (63 bytes)
C2 CompilerThread1   3034 2227       4       java.net.URLClassLoader$1::run (5 bytes)

VM state:not at safepoint (normal execution)

VM Mutex/Monitor currently owned by a thread: None

Heap address: 0x0000000080000000, size: 2048 MB, Compressed Oops mode: 32-bit
Narrow klass base: 0x0000000000000000, Narrow klass shift: 3
Compressed class space size: 1073741824 Address: 0x0000000100000000

Heap:
 garbage-first heap   total 258048K, used 40688K [0x0000000080000000, 0x0000000100000000)
  region size 1024K, 25 young (25600K), 3 survivors (3072K)
 Metaspace       used 27822K, capacity 28490K, committed 28544K, reserved 1073152K
  class space    used 3699K, capacity 3939K, committed 3968K, reserved 1048576K
Heap Regions: E=young(eden), S=young(survivor), O=old, HS=humongous(starts), HC=humongous(continues), CS=collection set, F=free, A=archive, TAMS=top-at-mark-start (previous, next)
|   0|0x0000000080000000, 0x0000000080100000, 0x0000000080100000|100%| O|  |TAMS 0x0000000080000000, 0x0000000080000000| Untracked 
|   1|0x0000000080100000, 0x0000000080200000, 0x0000000080200000|100%| O|  |TAMS 0x0000000080100000, 0x0000000080100000| Untracked 
|   2|0x0000000080200000, 0x0000000080300000, 0x0000000080300000|100%| O|  |TAMS 0x0000000080200000, 0x0000000080200000| Untracked 
|   3|0x0000000080300000, 0x0000000080400000, 0x0000000080400000|100%|HS|  |TAMS 0x0000000080400000, 0x0000000080300000| Complete 
|   4|0x0000000080400000, 0x0000000080500000, 0x0000000080500000|100%|HC|  |TAMS 0x0000000080500000, 0x0000000080400000| Complete 
|   5|0x0000000080500000, 0x0000000080600000, 0x0000000080600000|100%|HC|  |TAMS 0x0000000080600000, 0x0000000080500000| Complete 
|   6|0x0000000080600000, 0x0000000080700000, 0x0000000080700000|100%| O|  |TAMS 0x0000000080700000, 0x0000000080600000| Untracked 
|   7|0x0000000080700000, 0x0000000080800000, 0x0000000080800000|100%| O|  |TAMS 0x0000000080800000, 0x0000000080700000| Untracked 
|   8|0x0000000080800000, 0x0000000080900000, 0x0000000080900000|100%| O|  |TAMS 0x00000000808f2400, 0x0000000080800000| Untracked 
|   9|0x0000000080900000, 0x0000000080a00000, 0x0000000080a00000|100%| O|  |TAMS 0x0000000080900000, 0x0000000080900000| Untracked 
|  10|0x0000000080a00000, 0x0000000080b00000, 0x0000000080b00000|100%| O|  |TAMS 0x0000000080a00000, 0x0000000080a00000| Untracked 
|  11|0x0000000080b00000, 0x0000000080c00000, 0x0000000080c00000|100%| O|  |TAMS 0x0000000080b00000, 0x0000000080b00000| Untracked 
|  12|0x0000000080c00000, 0x0000000080d00000, 0x0000000080d00000|100%| O|  |TAMS 0x0000000080c00000, 0x0000000080c00000| Untracked 
|  13|0x0000000080d00000, 0x0000000080e00000, 0x0000000080e00000|100%| O|  |TAMS 0x0000000080d00000, 0x0000000080d00000| Untracked 
|  14|0x0000000080e00000, 0x0000000080f00000, 0x0000000080f00000|100%| O|  |TAMS 0x0000000080e00000, 0x0000000080e00000| Untracked 
|  15|0x0000000080f00000, 0x0000000081000000, 0x0000000081000000|100%| O|  |TAMS 0x0000000080f00000, 0x0000000080f00000| Untracked 
|  16|0x0000000081000000, 0x000000008101d800, 0x0000000081100000| 11%| O|  |TAMS 0x0000000081000000, 0x0000000081000000| Untracked 
|  17|0x0000000081100000, 0x0000000081100000, 0x0000000081200000|  0%| F|  |TAMS 0x0000000081100000, 0x0000000081100000| Untracked 
|  18|0x0000000081200000, 0x0000000081200000, 0x0000000081300000|  0%| F|  |TAMS 0x0000000081200000, 0x0000000081200000| Untracked 
|  19|0x0000000081300000, 0x0000000081300000, 0x0000000081400000|  0%| F|  |TAMS 0x0000000081300000, 0x0000000081300000| Untracked 
|  20|0x0000000081400000, 0x0000000081400000, 0x0000000081500000|  0%| F|  |TAMS 0x0000000081400000, 0x0000000081400000| Untracked 
|  21|0x0000000081500000, 0x0000000081500000, 0x0000000081600000|  0%| F|  |TAMS 0x0000000081500000, 0x0000000081500000| Untracked 
|  22|0x0000000081600000, 0x0000000081600000, 0x0000000081700000|  0%| F|  |TAMS 0x0000000081600000, 0x0000000081600000| Untracked 
|  23|0x0000000081700000, 0x0000000081700000, 0x0000000081800000|  0%| F|  |TAMS 0x0000000081700000, 0x0000000081700000| Untracked 
|  24|0x0000000081800000, 0x0000000081800000, 0x0000000081900000|  0%| F|  |TAMS 0x0000000081800000, 0x0000000081800000| Untracked 
|  25|0x0000000081900000, 0x0000000081900000, 0x0000000081a00000|  0%| F|  |TAMS 0x0000000081900000, 0x0000000081900000| Untracked 
|  26|0x0000000081a00000, 0x0000000081a00000, 0x0000000081b00000|  0%| F|  |TAMS 0x0000000081a00000, 0x0000000081a00000| Untracked 
|  27|0x0000000081b00000, 0x0000000081b00000, 0x0000000081c00000|  0%| F|  |TAMS 0x0000000081b00000, 0x0000000081b00000| Untracked 
|  28|0x0000000081c00000, 0x0000000081c00000, 0x0000000081d00000|  0%| F|  |TAMS 0x0000000081c00000, 0x0000000081c00000| Untracked 
|  29|0x0000000081d00000, 0x0000000081d00000, 0x0000000081e00000|  0%| F|  |TAMS 0x0000000081d00000, 0x0000000081d00000| Untracked 
|  30|0x0000000081e00000, 0x0000000081e00000, 0x0000000081f00000|  0%| F|  |TAMS 0x0000000081e00000, 0x0000000081e00000| Untracked 
|  31|0x0000000081f00000, 0x0000000081f00000, 0x0000000082000000|  0%| F|  |TAMS 0x0000000081f00000, 0x0000000081f00000| Untracked 
|  32|0x0000000082000000, 0x0000000082000000, 0x0000000082100000|  0%| F|  |TAMS 0x0000000082000000, 0x0000000082000000| Untracked 
|  33|0x0000000082100000, 0x0000000082100000, 0x0000000082200000|  0%| F|  |TAMS 0x0000000082100000, 0x0000000082100000| Untracked 
|  34|0x0000000082200000, 0x0000000082200000, 0x0000000082300000|  0%| F|  |TAMS 0x0000000082200000, 0x0000000082200000| Untracked 
|  35|0x0000000082300000, 0x0000000082300000, 0x0000000082400000|  0%| F|  |TAMS 0x0000000082300000, 0x0000000082300000| Untracked 
|  36|0x0000000082400000, 0x0000000082400000, 0x0000000082500000|  0%| F|  |TAMS 0x0000000082400000, 0x0000000082400000| Untracked 
|  37|0x0000000082500000, 0x0000000082500000, 0x0000000082600000|  0%| F|  |TAMS 0x0000000082500000, 0x0000000082500000| Untracked 
|  38|0x0000000082600000, 0x0000000082600000, 0x0000000082700000|  0%| F|  |TAMS 0x0000000082600000, 0x0000000082600000| Untracked 
|  39|0x0000000082700000, 0x0000000082700000, 0x0000000082800000|  0%| F|  |TAMS 0x0000000082700000, 0x0000000082700000| Untracked 
|  40|0x0000000082800000, 0x0000000082800000, 0x0000000082900000|  0%| F|  |TAMS 0x0000000082800000, 0x0000000082800000| Untracked 
|  41|0x0000000082900000, 0x0000000082900000, 0x0000000082a00000|  0%| F|  |TAMS 0x0000000082900000, 0x0000000082900000| Untracked 
|  42|0x0000000082a00000, 0x0000000082a00000, 0x0000000082b00000|  0%| F|  |TAMS 0x0000000082a00000, 0x0000000082a00000| Untracked 
|  43|0x0000000082b00000, 0x0000000082b00000, 0x0000000082c00000|  0%| F|  |TAMS 0x0000000082b00000, 0x0000000082b00000| Untracked 
|  44|0x0000000082c00000, 0x0000000082c00000, 0x0000000082d00000|  0%| F|  |TAMS 0x0000000082c00000, 0x0000000082c00000| Untracked 
|  45|0x0000000082d00000, 0x0000000082d00000, 0x0000000082e00000|  0%| F|  |TAMS 0x0000000082d00000, 0x0000000082d00000| Untracked 
|  46|0x0000000082e00000, 0x0000000082e00000, 0x0000000082f00000|  0%| F|  |TAMS 0x0000000082e00000, 0x0000000082e00000| Untracked 
|  47|0x0000000082f00000, 0x0000000082f00000, 0x0000000083000000|  0%| F|  |TAMS 0x0000000082f00000, 0x0000000082f00000| Untracked 
|  48|0x0000000083000000, 0x0000000083000000, 0x0000000083100000|  0%| F|  |TAMS 0x0000000083000000, 0x0000000083000000| Untracked 
|  49|0x0000000083100000, 0x0000000083100000, 0x0000000083200000|  0%| F|  |TAMS 0x0000000083100000, 0x0000000083100000| Untracked 
|  50|0x0000000083200000, 0x0000000083200000, 0x0000000083300000|  0%| F|  |TAMS 0x0000000083200000, 0x0000000083200000| Untracked 
|  51|0x0000000083300000, 0x0000000083300000, 0x0000000083400000|  0%| F|  |TAMS 0x0000000083300000, 0x0000000083300000| Untracked 
|  52|0x0000000083400000, 0x0000000083400000, 0x0000000083500000|  0%| F|  |TAMS 0x0000000083400000, 0x0000000083400000| Untracked 
|  53|0x0000000083500000, 0x0000000083500000, 0x0000000083600000|  0%| F|  |TAMS 0x0000000083500000, 0x0000000083500000| Untracked 
|  54|0x0000000083600000, 0x0000000083600000, 0x0000000083700000|  0%| F|  |TAMS 0x0000000083600000, 0x0000000083600000| Untracked 
|  55|0x0000000083700000, 0x0000000083700000, 0x0000000083800000|  0%| F|  |TAMS 0x0000000083700000, 0x0000000083700000| Untracked 
|  56|0x0000000083800000, 0x0000000083800000, 0x0000000083900000|  0%| F|  |TAMS 0x0000000083800000, 0x0000000083800000| Untracked 
|  57|0x0000000083900000, 0x0000000083900000, 0x0000000083a00000|  0%| F|  |TAMS 0x0000000083900000, 0x0000000083900000| Untracked 
|  58|0x0000000083a00000, 0x0000000083a00000, 0x0000000083b00000|  0%| F|  |TAMS 0x0000000083a00000, 0x0000000083a00000| Untracked 
|  59|0x0000000083b00000, 0x0000000083b00000, 0x0000000083c00000|  0%| F|  |TAMS 0x0000000083b00000, 0x0000000083b00000| Untracked 
|  60|0x0000000083c00000, 0x0000000083c00000, 0x0000000083d00000|  0%| F|  |TAMS 0x0000000083c00000, 0x0000000083c00000| Untracked 
|  61|0x0000000083d00000, 0x0000000083d00000, 0x0000000083e00000|  0%| F|  |TAMS 0x0000000083d00000, 0x0000000083d00000| Untracked 
|  62|0x0000000083e00000, 0x0000000083e00000, 0x0000000083f00000|  0%| F|  |TAMS 0x0000000083e00000, 0x0000000083e00000| Untracked 
|  63|0x0000000083f00000, 0x0000000083f00000, 0x0000000084000000|  0%| F|  |TAMS 0x0000000083f00000, 0x0000000083f00000| Untracked 
|  64|0x0000000084000000, 0x0000000084000000, 0x0000000084100000|  0%| F|  |TAMS 0x0000000084000000, 0x0000000084000000| Untracked 
|  65|0x0000000084100000, 0x0000000084100000, 0x0000000084200000|  0%| F|  |TAMS 0x0000000084100000, 0x0000000084100000| Untracked 
|  66|0x0000000084200000, 0x0000000084200000, 0x0000000084300000|  0%| F|  |TAMS 0x0000000084200000, 0x0000000084200000| Untracked 
|  67|0x0000000084300000, 0x0000000084300000, 0x0000000084400000|  0%| F|  |TAMS 0x0000000084300000, 0x0000000084300000| Untracked 
|  68|0x0000000084400000, 0x0000000084400000, 0x0000000084500000|  0%| F|  |TAMS 0x0000000084400000, 0x0000000084400000| Untracked 
|  69|0x0000000084500000, 0x0000000084500000, 0x0000000084600000|  0%| F|  |TAMS 0x0000000084500000, 0x0000000084500000| Untracked 
|  70|0x0000000084600000, 0x0000000084600000, 0x0000000084700000|  0%| F|  |TAMS 0x0000000084600000, 0x0000000084600000| Untracked 
|  71|0x0000000084700000, 0x0000000084700000, 0x0000000084800000|  0%| F|  |TAMS 0x0000000084700000, 0x0000000084700000| Untracked 
|  72|0x0000000084800000, 0x0000000084800000, 0x0000000084900000|  0%| F|  |TAMS 0x0000000084800000, 0x0000000084800000| Untracked 
|  73|0x0000000084900000, 0x0000000084900000, 0x0000000084a00000|  0%| F|  |TAMS 0x0000000084900000, 0x0000000084900000| Untracked 
|  74|0x0000000084a00000, 0x0000000084a00000, 0x0000000084b00000|  0%| F|  |TAMS 0x0000000084a00000, 0x0000000084a00000| Untracked 
|  75|0x0000000084b00000, 0x0000000084b00000, 0x0000000084c00000|  0%| F|  |TAMS 0x0000000084b00000, 0x0000000084b00000| Untracked 
|  76|0x0000000084c00000, 0x0000000084c00000, 0x0000000084d00000|  0%| F|  |TAMS 0x0000000084c00000, 0x0000000084c00000| Untracked 
|  77|0x0000000084d00000, 0x0000000084d00000, 0x0000000084e00000|  0%| F|  |TAMS 0x0000000084d00000, 0x0000000084d00000| Untracked 
|  78|0x0000000084e00000, 0x0000000084e00000, 0x0000000084f00000|  0%| F|  |TAMS 0x0000000084e00000, 0x0000000084e00000| Untracked 
|  79|0x0000000084f00000, 0x0000000084f00000, 0x0000000085000000|  0%| F|  |TAMS 0x0000000084f00000, 0x0000000084f00000| Untracked 
|  80|0x0000000085000000, 0x0000000085000000, 0x0000000085100000|  0%| F|  |TAMS 0x0000000085000000, 0x0000000085000000| Untracked 
|  81|0x0000000085100000, 0x0000000085100000, 0x0000000085200000|  0%| F|  |TAMS 0x0000000085100000, 0x0000000085100000| Untracked 
|  82|0x0000000085200000, 0x0000000085200000, 0x0000000085300000|  0%| F|  |TAMS 0x0000000085200000, 0x0000000085200000| Untracked 
|  83|0x0000000085300000, 0x0000000085300000, 0x0000000085400000|  0%| F|  |TAMS 0x0000000085300000, 0x0000000085300000| Untracked 
|  84|0x0000000085400000, 0x0000000085400000, 0x0000000085500000|  0%| F|  |TAMS 0x0000000085400000, 0x0000000085400000| Untracked 
|  85|0x0000000085500000, 0x0000000085500000, 0x0000000085600000|  0%| F|  |TAMS 0x0000000085500000, 0x0000000085500000| Untracked 
|  86|0x0000000085600000, 0x0000000085600000, 0x0000000085700000|  0%| F|  |TAMS 0x0000000085600000, 0x0000000085600000| Untracked 
|  87|0x0000000085700000, 0x0000000085700000, 0x0000000085800000|  0%| F|  |TAMS 0x0000000085700000, 0x0000000085700000| Untracked 
|  88|0x0000000085800000, 0x0000000085800000, 0x0000000085900000|  0%| F|  |TAMS 0x0000000085800000, 0x0000000085800000| Untracked 
|  89|0x0000000085900000, 0x0000000085900000, 0x0000000085a00000|  0%| F|  |TAMS 0x0000000085900000, 0x0000000085900000| Untracked 
|  90|0x0000000085a00000, 0x0000000085a00000, 0x0000000085b00000|  0%| F|  |TAMS 0x0000000085a00000, 0x0000000085a00000| Untracked 
|  91|0x0000000085b00000, 0x0000000085b00000, 0x0000000085c00000|  0%| F|  |TAMS 0x0000000085b00000, 0x0000000085b00000| Untracked 
|  92|0x0000000085c00000, 0x0000000085c00000, 0x0000000085d00000|  0%| F|  |TAMS 0x0000000085c00000, 0x0000000085c00000| Untracked 
|  93|0x0000000085d00000, 0x0000000085d00000, 0x0000000085e00000|  0%| F|  |TAMS 0x0000000085d00000, 0x0000000085d00000| Untracked 
|  94|0x0000000085e00000, 0x0000000085e00000, 0x0000000085f00000|  0%| F|  |TAMS 0x0000000085e00000, 0x0000000085e00000| Untracked 
|  95|0x0000000085f00000, 0x0000000085f00000, 0x0000000086000000|  0%| F|  |TAMS 0x0000000085f00000, 0x0000000085f00000| Untracked 
|  96|0x0000000086000000, 0x0000000086000000, 0x0000000086100000|  0%| F|  |TAMS 0x0000000086000000, 0x0000000086000000| Untracked 
|  97|0x0000000086100000, 0x0000000086100000, 0x0000000086200000|  0%| F|  |TAMS 0x0000000086100000, 0x0000000086100000| Untracked 
|  98|0x0000000086200000, 0x0000000086200000, 0x0000000086300000|  0%| F|  |TAMS 0x0000000086200000, 0x0000000086200000| Untracked 
|  99|0x0000000086300000, 0x0000000086300000, 0x0000000086400000|  0%| F|  |TAMS 0x0000000086300000, 0x0000000086300000| Untracked 
| 100|0x0000000086400000, 0x0000000086400000, 0x0000000086500000|  0%| F|  |TAMS 0x0000000086400000, 0x0000000086400000| Untracked 
| 101|0x0000000086500000, 0x0000000086500000, 0x0000000086600000|  0%| F|  |TAMS 0x0000000086500000, 0x0000000086500000| Untracked 
| 102|0x0000000086600000, 0x0000000086600000, 0x0000000086700000|  0%| F|  |TAMS 0x0000000086600000, 0x0000000086600000| Untracked 
| 103|0x0000000086700000, 0x0000000086700000, 0x0000000086800000|  0%| F|  |TAMS 0x0000000086700000, 0x0000000086700000| Untracked 
| 104|0x0000000086800000, 0x0000000086800000, 0x0000000086900000|  0%| F|  |TAMS 0x0000000086800000, 0x0000000086800000| Untracked 
| 105|0x0000000086900000, 0x0000000086900000, 0x0000000086a00000|  0%| F|  |TAMS 0x0000000086900000, 0x0000000086900000| Untracked 
| 106|0x0000000086a00000, 0x0000000086a00000, 0x0000000086b00000|  0%| F|  |TAMS 0x0000000086a00000, 0x0000000086a00000| Untracked 
| 107|0x0000000086b00000, 0x0000000086b00000, 0x0000000086c00000|  0%| F|  |TAMS 0x0000000086b00000, 0x0000000086b00000| Untracked 
| 108|0x0000000086c00000, 0x0000000086c00000, 0x0000000086d00000|  0%| F|  |TAMS 0x0000000086c00000, 0x0000000086c00000| Untracked 
| 109|0x0000000086d00000, 0x0000000086d00000, 0x0000000086e00000|  0%| F|  |TAMS 0x0000000086d00000, 0x0000000086d00000| Untracked 
| 110|0x0000000086e00000, 0x0000000086e00000, 0x0000000086f00000|  0%| F|  |TAMS 0x0000000086e00000, 0x0000000086e00000| Untracked 
| 111|0x0000000086f00000, 0x0000000086f00000, 0x0000000087000000|  0%| F|  |TAMS 0x0000000086f00000, 0x0000000086f00000| Untracked 
| 112|0x0000000087000000, 0x0000000087000000, 0x0000000087100000|  0%| F|  |TAMS 0x0000000087000000, 0x0000000087000000| Untracked 
| 113|0x0000000087100000, 0x0000000087100000, 0x0000000087200000|  0%| F|  |TAMS 0x0000000087100000, 0x0000000087100000| Untracked 
| 114|0x0000000087200000, 0x0000000087200000, 0x0000000087300000|  0%| F|  |TAMS 0x0000000087200000, 0x0000000087200000| Untracked 
| 115|0x0000000087300000, 0x0000000087300000, 0x0000000087400000|  0%| F|  |TAMS 0x0000000087300000, 0x0000000087300000| Untracked 
| 116|0x0000000087400000, 0x0000000087400000, 0x0000000087500000|  0%| F|  |TAMS 0x0000000087400000, 0x0000000087400000| Untracked 
| 117|0x0000000087500000, 0x0000000087500000, 0x0000000087600000|  0%| F|  |TAMS 0x0000000087500000, 0x0000000087500000| Untracked 
| 118|0x0000000087600000, 0x0000000087600000, 0x0000000087700000|  0%| F|  |TAMS 0x0000000087600000, 0x0000000087600000| Untracked 
| 119|0x0000000087700000, 0x0000000087700000, 0x0000000087800000|  0%| F|  |TAMS 0x0000000087700000, 0x0000000087700000| Untracked 
| 120|0x0000000087800000, 0x0000000087800000, 0x0000000087900000|  0%| F|  |TAMS 0x0000000087800000, 0x0000000087800000| Untracked 
| 121|0x0000000087900000, 0x0000000087900000, 0x0000000087a00000|  0%| F|  |TAMS 0x0000000087900000, 0x0000000087900000| Untracked 
| 122|0x0000000087a00000, 0x0000000087a00000, 0x0000000087b00000|  0%| F|  |TAMS 0x0000000087a00000, 0x0000000087a00000| Untracked 
| 123|0x0000000087b00000, 0x0000000087b00000, 0x0000000087c00000|  0%| F|  |TAMS 0x0000000087b00000, 0x0000000087b00000| Untracked 
| 124|0x0000000087c00000, 0x0000000087c00000, 0x0000000087d00000|  0%| F|  |TAMS 0x0000000087c00000, 0x0000000087c00000| Untracked 
| 125|0x0000000087d00000, 0x0000000087d00000, 0x0000000087e00000|  0%| F|  |TAMS 0x0000000087d00000, 0x0000000087d00000| Untracked 
| 126|0x0000000087e00000, 0x0000000087e00000, 0x0000000087f00000|  0%| F|  |TAMS 0x0000000087e00000, 0x0000000087e00000| Untracked 
| 127|0x0000000087f00000, 0x0000000087f00000, 0x0000000088000000|  0%| F|  |TAMS 0x0000000087f00000, 0x0000000087f00000| Untracked 
| 128|0x0000000088000000, 0x0000000088000000, 0x0000000088100000|  0%| F|  |TAMS 0x0000000088000000, 0x0000000088000000| Untracked 
| 129|0x0000000088100000, 0x0000000088100000, 0x0000000088200000|  0%| F|  |TAMS 0x0000000088100000, 0x0000000088100000| Untracked 
| 130|0x0000000088200000, 0x0000000088200000, 0x0000000088300000|  0%| F|  |TAMS 0x0000000088200000, 0x0000000088200000| Untracked 
| 131|0x0000000088300000, 0x0000000088300000, 0x0000000088400000|  0%| F|  |TAMS 0x0000000088300000, 0x0000000088300000| Untracked 
| 132|0x0000000088400000, 0x0000000088400000, 0x0000000088500000|  0%| F|  |TAMS 0x0000000088400000, 0x0000000088400000| Untracked 
| 133|0x0000000088500000, 0x0000000088500000, 0x0000000088600000|  0%| F|  |TAMS 0x0000000088500000, 0x0000000088500000| Untracked 
| 134|0x0000000088600000, 0x0000000088600000, 0x0000000088700000|  0%| F|  |TAMS 0x0000000088600000, 0x0000000088600000| Untracked 
| 135|0x0000000088700000, 0x0000000088700000, 0x0000000088800000|  0%| F|  |TAMS 0x0000000088700000, 0x0000000088700000| Untracked 
| 136|0x0000000088800000, 0x0000000088800000, 0x0000000088900000|  0%| F|  |TAMS 0x0000000088800000, 0x0000000088800000| Untracked 
| 137|0x0000000088900000, 0x0000000088900000, 0x0000000088a00000|  0%| F|  |TAMS 0x0000000088900000, 0x0000000088900000| Untracked 
| 138|0x0000000088a00000, 0x0000000088a00000, 0x0000000088b00000|  0%| F|  |TAMS 0x0000000088a00000, 0x0000000088a00000| Untracked 
| 139|0x0000000088b00000, 0x0000000088b00000, 0x0000000088c00000|  0%| F|  |TAMS 0x0000000088b00000, 0x0000000088b00000| Untracked 
| 140|0x0000000088c00000, 0x0000000088c00000, 0x0000000088d00000|  0%| F|  |TAMS 0x0000000088c00000, 0x0000000088c00000| Untracked 
| 141|0x0000000088d00000, 0x0000000088d00000, 0x0000000088e00000|  0%| F|  |TAMS 0x0000000088d00000, 0x0000000088d00000| Untracked 
| 142|0x0000000088e00000, 0x0000000088e00000, 0x0000000088f00000|  0%| F|  |TAMS 0x0000000088e00000, 0x0000000088e00000| Untracked 
| 143|0x0000000088f00000, 0x0000000088f00000, 0x0000000089000000|  0%| F|  |TAMS 0x0000000088f00000, 0x0000000088f00000| Untracked 
| 144|0x0000000089000000, 0x0000000089000000, 0x0000000089100000|  0%| F|  |TAMS 0x0000000089000000, 0x0000000089000000| Untracked 
| 145|0x0000000089100000, 0x0000000089100000, 0x0000000089200000|  0%| F|  |TAMS 0x0000000089100000, 0x0000000089100000| Untracked 
| 146|0x0000000089200000, 0x0000000089200000, 0x0000000089300000|  0%| F|  |TAMS 0x0000000089200000, 0x0000000089200000| Untracked 
| 147|0x0000000089300000, 0x0000000089300000, 0x0000000089400000|  0%| F|  |TAMS 0x0000000089300000, 0x0000000089300000| Untracked 
| 148|0x0000000089400000, 0x0000000089400000, 0x0000000089500000|  0%| F|  |TAMS 0x0000000089400000, 0x0000000089400000| Untracked 
| 149|0x0000000089500000, 0x0000000089500000, 0x0000000089600000|  0%| F|  |TAMS 0x0000000089500000, 0x0000000089500000| Untracked 
| 150|0x0000000089600000, 0x0000000089600000, 0x0000000089700000|  0%| F|  |TAMS 0x0000000089600000, 0x0000000089600000| Untracked 
| 151|0x0000000089700000, 0x0000000089700000, 0x0000000089800000|  0%| F|  |TAMS 0x0000000089700000, 0x0000000089700000| Untracked 
| 152|0x0000000089800000, 0x0000000089800000, 0x0000000089900000|  0%| F|  |TAMS 0x0000000089800000, 0x0000000089800000| Untracked 
| 153|0x0000000089900000, 0x0000000089900000, 0x0000000089a00000|  0%| F|  |TAMS 0x0000000089900000, 0x0000000089900000| Untracked 
| 154|0x0000000089a00000, 0x0000000089a00000, 0x0000000089b00000|  0%| F|  |TAMS 0x0000000089a00000, 0x0000000089a00000| Untracked 
| 155|0x0000000089b00000, 0x0000000089b00000, 0x0000000089c00000|  0%| F|  |TAMS 0x0000000089b00000, 0x0000000089b00000| Untracked 
| 156|0x0000000089c00000, 0x0000000089c00000, 0x0000000089d00000|  0%| F|  |TAMS 0x0000000089c00000, 0x0000000089c00000| Untracked 
| 157|0x0000000089d00000, 0x0000000089d00000, 0x0000000089e00000|  0%| F|  |TAMS 0x0000000089d00000, 0x0000000089d00000| Untracked 
| 158|0x0000000089e00000, 0x0000000089e00000, 0x0000000089f00000|  0%| F|  |TAMS 0x0000000089e00000, 0x0000000089e00000| Untracked 
| 159|0x0000000089f00000, 0x0000000089f00000, 0x000000008a000000|  0%| F|  |TAMS 0x0000000089f00000, 0x0000000089f00000| Untracked 
| 160|0x000000008a000000, 0x000000008a000000, 0x000000008a100000|  0%| F|  |TAMS 0x000000008a000000, 0x000000008a000000| Untracked 
| 161|0x000000008a100000, 0x000000008a100000, 0x000000008a200000|  0%| F|  |TAMS 0x000000008a100000, 0x000000008a100000| Untracked 
| 162|0x000000008a200000, 0x000000008a200000, 0x000000008a300000|  0%| F|  |TAMS 0x000000008a200000, 0x000000008a200000| Untracked 
| 163|0x000000008a300000, 0x000000008a300000, 0x000000008a400000|  0%| F|  |TAMS 0x000000008a300000, 0x000000008a300000| Untracked 
| 164|0x000000008a400000, 0x000000008a400000, 0x000000008a500000|  0%| F|  |TAMS 0x000000008a400000, 0x000000008a400000| Untracked 
| 165|0x000000008a500000, 0x000000008a500000, 0x000000008a600000|  0%| F|  |TAMS 0x000000008a500000, 0x000000008a500000| Untracked 
| 166|0x000000008a600000, 0x000000008a600000, 0x000000008a700000|  0%| F|  |TAMS 0x000000008a600000, 0x000000008a600000| Untracked 
| 167|0x000000008a700000, 0x000000008a700000, 0x000000008a800000|  0%| F|  |TAMS 0x000000008a700000, 0x000000008a700000| Untracked 
| 168|0x000000008a800000, 0x000000008a800000, 0x000000008a900000|  0%| F|  |TAMS 0x000000008a800000, 0x000000008a800000| Untracked 
| 169|0x000000008a900000, 0x000000008a900000, 0x000000008aa00000|  0%| F|  |TAMS 0x000000008a900000, 0x000000008a900000| Untracked 
| 170|0x000000008aa00000, 0x000000008aa00000, 0x000000008ab00000|  0%| F|  |TAMS 0x000000008aa00000, 0x000000008aa00000| Untracked 
| 171|0x000000008ab00000, 0x000000008ab00000, 0x000000008ac00000|  0%| F|  |TAMS 0x000000008ab00000, 0x000000008ab00000| Untracked 
| 172|0x000000008ac00000, 0x000000008ac00000, 0x000000008ad00000|  0%| F|  |TAMS 0x000000008ac00000, 0x000000008ac00000| Untracked 
| 173|0x000000008ad00000, 0x000000008ad00000, 0x000000008ae00000|  0%| F|  |TAMS 0x000000008ad00000, 0x000000008ad00000| Untracked 
| 174|0x000000008ae00000, 0x000000008ae00000, 0x000000008af00000|  0%| F|  |TAMS 0x000000008ae00000, 0x000000008ae00000| Untracked 
| 175|0x000000008af00000, 0x000000008af00000, 0x000000008b000000|  0%| F|  |TAMS 0x000000008af00000, 0x000000008af00000| Untracked 
| 176|0x000000008b000000, 0x000000008b000000, 0x000000008b100000|  0%| F|  |TAMS 0x000000008b000000, 0x000000008b000000| Untracked 
| 177|0x000000008b100000, 0x000000008b100000, 0x000000008b200000|  0%| F|  |TAMS 0x000000008b100000, 0x000000008b100000| Untracked 
| 178|0x000000008b200000, 0x000000008b200000, 0x000000008b300000|  0%| F|  |TAMS 0x000000008b200000, 0x000000008b200000| Untracked 
| 179|0x000000008b300000, 0x000000008b300000, 0x000000008b400000|  0%| F|  |TAMS 0x000000008b300000, 0x000000008b300000| Untracked 
| 180|0x000000008b400000, 0x000000008b400000, 0x000000008b500000|  0%| F|  |TAMS 0x000000008b400000, 0x000000008b400000| Untracked 
| 181|0x000000008b500000, 0x000000008b500000, 0x000000008b600000|  0%| F|  |TAMS 0x000000008b500000, 0x000000008b500000| Untracked 
| 182|0x000000008b600000, 0x000000008b600000, 0x000000008b700000|  0%| F|  |TAMS 0x000000008b600000, 0x000000008b600000| Untracked 
| 183|0x000000008b700000, 0x000000008b700000, 0x000000008b800000|  0%| F|  |TAMS 0x000000008b700000, 0x000000008b700000| Untracked 
| 184|0x000000008b800000, 0x000000008b800000, 0x000000008b900000|  0%| F|  |TAMS 0x000000008b800000, 0x000000008b800000| Untracked 
| 185|0x000000008b900000, 0x000000008b900000, 0x000000008ba00000|  0%| F|  |TAMS 0x000000008b900000, 0x000000008b900000| Untracked 
| 186|0x000000008ba00000, 0x000000008ba00000, 0x000000008bb00000|  0%| F|  |TAMS 0x000000008ba00000, 0x000000008ba00000| Untracked 
| 187|0x000000008bb00000, 0x000000008bb00000, 0x000000008bc00000|  0%| F|  |TAMS 0x000000008bb00000, 0x000000008bb00000| Untracked 
| 188|0x000000008bc00000, 0x000000008bc00000, 0x000000008bd00000|  0%| F|  |TAMS 0x000000008bc00000, 0x000000008bc00000| Untracked 
| 189|0x000000008bd00000, 0x000000008bd00000, 0x000000008be00000|  0%| F|  |TAMS 0x000000008bd00000, 0x000000008bd00000| Untracked 
| 190|0x000000008be00000, 0x000000008be00000, 0x000000008bf00000|  0%| F|  |TAMS 0x000000008be00000, 0x000000008be00000| Untracked 
| 191|0x000000008bf00000, 0x000000008bf00000, 0x000000008c000000|  0%| F|  |TAMS 0x000000008bf00000, 0x000000008bf00000| Untracked 
| 192|0x000000008c000000, 0x000000008c000000, 0x000000008c100000|  0%| F|  |TAMS 0x000000008c000000, 0x000000008c000000| Untracked 
| 193|0x000000008c100000, 0x000000008c100000, 0x000000008c200000|  0%| F|  |TAMS 0x000000008c100000, 0x000000008c100000| Untracked 
| 194|0x000000008c200000, 0x000000008c200000, 0x000000008c300000|  0%| F|  |TAMS 0x000000008c200000, 0x000000008c200000| Untracked 
| 195|0x000000008c300000, 0x000000008c300000, 0x000000008c400000|  0%| F|  |TAMS 0x000000008c300000, 0x000000008c300000| Untracked 
| 196|0x000000008c400000, 0x000000008c400000, 0x000000008c500000|  0%| F|  |TAMS 0x000000008c400000, 0x000000008c400000| Untracked 
| 197|0x000000008c500000, 0x000000008c59e980, 0x000000008c600000| 61%| S|CS|TAMS 0x000000008c500000, 0x000000008c500000| Complete 
| 198|0x000000008c600000, 0x000000008c700000, 0x000000008c700000|100%| S|CS|TAMS 0x000000008c600000, 0x000000008c600000| Complete 
| 199|0x000000008c700000, 0x000000008c800000, 0x000000008c800000|100%| S|CS|TAMS 0x000000008c700000, 0x000000008c700000| Complete 
| 200|0x000000008c800000, 0x000000008c800000, 0x000000008c900000|  0%| F|  |TAMS 0x000000008c800000, 0x000000008c800000| Untracked 
| 201|0x000000008c900000, 0x000000008c900000, 0x000000008ca00000|  0%| F|  |TAMS 0x000000008c900000, 0x000000008c900000| Untracked 
| 202|0x000000008ca00000, 0x000000008ca00000, 0x000000008cb00000|  0%| F|  |TAMS 0x000000008ca00000, 0x000000008ca00000| Untracked 
| 203|0x000000008cb00000, 0x000000008cb00000, 0x000000008cc00000|  0%| F|  |TAMS 0x000000008cb00000, 0x000000008cb00000| Untracked 
| 204|0x000000008cc00000, 0x000000008cc00000, 0x000000008cd00000|  0%| F|  |TAMS 0x000000008cc00000, 0x000000008cc00000| Untracked 
| 205|0x000000008cd00000, 0x000000008cd00000, 0x000000008ce00000|  0%| F|  |TAMS 0x000000008cd00000, 0x000000008cd00000| Untracked 
| 206|0x000000008ce00000, 0x000000008ce00000, 0x000000008cf00000|  0%| F|  |TAMS 0x000000008ce00000, 0x000000008ce00000| Untracked 
| 207|0x000000008cf00000, 0x000000008cf00000, 0x000000008d000000|  0%| F|  |TAMS 0x000000008cf00000, 0x000000008cf00000| Untracked 
| 208|0x000000008d000000, 0x000000008d000000, 0x000000008d100000|  0%| F|  |TAMS 0x000000008d000000, 0x000000008d000000| Untracked 
| 209|0x000000008d100000, 0x000000008d100000, 0x000000008d200000|  0%| F|  |TAMS 0x000000008d100000, 0x000000008d100000| Untracked 
| 210|0x000000008d200000, 0x000000008d200000, 0x000000008d300000|  0%| F|  |TAMS 0x000000008d200000, 0x000000008d200000| Untracked 
| 211|0x000000008d300000, 0x000000008d300000, 0x000000008d400000|  0%| F|  |TAMS 0x000000008d300000, 0x000000008d300000| Untracked 
| 212|0x000000008d400000, 0x000000008d400000, 0x000000008d500000|  0%| F|  |TAMS 0x000000008d400000, 0x000000008d400000| Untracked 
| 213|0x000000008d500000, 0x000000008d500000, 0x000000008d600000|  0%| F|  |TAMS 0x000000008d500000, 0x000000008d500000| Untracked 
| 214|0x000000008d600000, 0x000000008d600000, 0x000000008d700000|  0%| F|  |TAMS 0x000000008d600000, 0x000000008d600000| Untracked 
| 215|0x000000008d700000, 0x000000008d700000, 0x000000008d800000|  0%| F|  |TAMS 0x000000008d700000, 0x000000008d700000| Untracked 
| 216|0x000000008d800000, 0x000000008d800000, 0x000000008d900000|  0%| F|  |TAMS 0x000000008d800000, 0x000000008d800000| Untracked 
| 217|0x000000008d900000, 0x000000008d900000, 0x000000008da00000|  0%| F|  |TAMS 0x000000008d900000, 0x000000008d900000| Untracked 
| 218|0x000000008da00000, 0x000000008da00000, 0x000000008db00000|  0%| F|  |TAMS 0x000000008da00000, 0x000000008da00000| Untracked 
| 219|0x000000008db00000, 0x000000008db00000, 0x000000008dc00000|  0%| F|  |TAMS 0x000000008db00000, 0x000000008db00000| Untracked 
| 220|0x000000008dc00000, 0x000000008dc00000, 0x000000008dd00000|  0%| F|  |TAMS 0x000000008dc00000, 0x000000008dc00000| Untracked 
| 221|0x000000008dd00000, 0x000000008dd00000, 0x000000008de00000|  0%| F|  |TAMS 0x000000008dd00000, 0x000000008dd00000| Untracked 
| 222|0x000000008de00000, 0x000000008de00000, 0x000000008df00000|  0%| F|  |TAMS 0x000000008de00000, 0x000000008de00000| Untracked 
| 223|0x000000008df00000, 0x000000008df00000, 0x000000008e000000|  0%| F|  |TAMS 0x000000008df00000, 0x000000008df00000| Untracked 
| 224|0x000000008e000000, 0x000000008e000000, 0x000000008e100000|  0%| F|  |TAMS 0x000000008e000000, 0x000000008e000000| Untracked 
| 225|0x000000008e100000, 0x000000008e100000, 0x000000008e200000|  0%| F|  |TAMS 0x000000008e100000, 0x000000008e100000| Untracked 
| 226|0x000000008e200000, 0x000000008e200000, 0x000000008e300000|  0%| F|  |TAMS 0x000000008e200000, 0x000000008e200000| Untracked 
| 227|0x000000008e300000, 0x000000008e300000, 0x000000008e400000|  0%| F|  |TAMS 0x000000008e300000, 0x000000008e300000| Untracked 
| 228|0x000000008e400000, 0x000000008e400000, 0x000000008e500000|  0%| F|  |TAMS 0x000000008e400000, 0x000000008e400000| Untracked 
| 229|0x000000008e500000, 0x000000008e500800, 0x000000008e600000|  0%| E|  |TAMS 0x000000008e500000, 0x000000008e500000| Complete 
| 230|0x000000008e600000, 0x000000008e700000, 0x000000008e700000|100%| E|CS|TAMS 0x000000008e600000, 0x000000008e600000| Complete 
| 231|0x000000008e700000, 0x000000008e800000, 0x000000008e800000|100%| E|CS|TAMS 0x000000008e700000, 0x000000008e700000| Complete 
| 232|0x000000008e800000, 0x000000008e900000, 0x000000008e900000|100%| E|CS|TAMS 0x000000008e800000, 0x000000008e800000| Complete 
| 233|0x000000008e900000, 0x000000008ea00000, 0x000000008ea00000|100%| E|CS|TAMS 0x000000008e900000, 0x000000008e900000| Complete 
| 234|0x000000008ea00000, 0x000000008eb00000, 0x000000008eb00000|100%| E|CS|TAMS 0x000000008ea00000, 0x000000008ea00000| Complete 
| 235|0x000000008eb00000, 0x000000008ec00000, 0x000000008ec00000|100%| E|CS|TAMS 0x000000008eb00000, 0x000000008eb00000| Complete 
| 236|0x000000008ec00000, 0x000000008ed00000, 0x000000008ed00000|100%| E|CS|TAMS 0x000000008ec00000, 0x000000008ec00000| Complete 
| 237|0x000000008ed00000, 0x000000008ee00000, 0x000000008ee00000|100%| E|CS|TAMS 0x000000008ed00000, 0x000000008ed00000| Complete 
| 238|0x000000008ee00000, 0x000000008ef00000, 0x000000008ef00000|100%| E|CS|TAMS 0x000000008ee00000, 0x000000008ee00000| Complete 
| 239|0x000000008ef00000, 0x000000008f000000, 0x000000008f000000|100%| E|CS|TAMS 0x000000008ef00000, 0x000000008ef00000| Complete 
| 240|0x000000008f000000, 0x000000008f100000, 0x000000008f100000|100%| E|CS|TAMS 0x000000008f000000, 0x000000008f000000| Complete 
| 241|0x000000008f100000, 0x000000008f200000, 0x000000008f200000|100%| E|CS|TAMS 0x000000008f100000, 0x000000008f100000| Complete 
| 242|0x000000008f200000, 0x000000008f300000, 0x000000008f300000|100%| E|CS|TAMS 0x000000008f200000, 0x000000008f200000| Complete 
| 243|0x000000008f300000, 0x000000008f400000, 0x000000008f400000|100%| E|CS|TAMS 0x000000008f300000, 0x000000008f300000| Complete 
| 244|0x000000008f400000, 0x000000008f500000, 0x000000008f500000|100%| E|CS|TAMS 0x000000008f400000, 0x000000008f400000| Complete 
| 245|0x000000008f500000, 0x000000008f600000, 0x000000008f600000|100%| E|CS|TAMS 0x000000008f500000, 0x000000008f500000| Complete 
| 246|0x000000008f600000, 0x000000008f700000, 0x000000008f700000|100%| E|CS|TAMS 0x000000008f600000, 0x000000008f600000| Complete 
| 247|0x000000008f700000, 0x000000008f800000, 0x000000008f800000|100%| E|CS|TAMS 0x000000008f700000, 0x000000008f700000| Complete 
| 248|0x000000008f800000, 0x000000008f900000, 0x000000008f900000|100%| E|CS|TAMS 0x000000008f800000, 0x000000008f800000| Complete 
| 249|0x000000008f900000, 0x000000008fa00000, 0x000000008fa00000|100%| E|CS|TAMS 0x000000008f900000, 0x000000008f900000| Complete 
| 250|0x000000008fa00000, 0x000000008fb00000, 0x000000008fb00000|100%| E|CS|TAMS 0x000000008fa00000, 0x000000008fa00000| Complete 
| 251|0x000000008fb00000, 0x000000008fc00000, 0x000000008fc00000|100%| E|CS|TAMS 0x000000008fb00000, 0x000000008fb00000| Complete 

Card table byte_map: [0x00000220f6cf0000,0x00000220f70f0000] _byte_map_base: 0x00000220f68f0000

Marking Bits (Prev, Next): (CMBitMap*) 0x00000220f2b008a0, (CMBitMap*) 0x00000220f2b00868
 Prev Bits: [0x00000220f94f0000, 0x00000220fb4f0000)
 Next Bits: [0x00000220f74f0000, 0x00000220f94f0000)

Polling page: 0x00000220f0970000

Metaspace:

Usage:
  Non-class:     24.04 MB capacity,    23.63 MB ( 98%) used,   363.19 KB (  1%) free+waste,    54.19 KB ( <1%) overhead. 
      Class:      3.85 MB capacity,     3.62 MB ( 94%) used,   210.39 KB (  5%) free+waste,    27.31 KB ( <1%) overhead. 
       Both:     27.89 MB capacity,    27.25 MB ( 98%) used,   573.58 KB (  2%) free+waste,    81.50 KB ( <1%) overhead. 

Virtual space:
  Non-class space:       26.00 MB reserved,      24.25 MB ( 93%) committed 
      Class space:        1.00 GB reserved,       3.88 MB ( <1%) committed 
             Both:        1.03 GB reserved,      28.13 MB (  3%) committed 

Chunk freelists:
   Non-Class:  22.00 KB
       Class:  27.00 KB
        Both:  49.00 KB

MaxMetaspaceSize: 17179869184.00 GB
CompressedClassSpaceSize: 1.00 GB

CodeHeap 'non-profiled nmethods': size=120000Kb used=1173Kb max_used=1173Kb free=118827Kb
 bounds [0x0000022087ad0000, 0x0000022087d40000, 0x000002208f000000]
CodeHeap 'profiled nmethods': size=120000Kb used=4945Kb max_used=4945Kb free=115054Kb
 bounds [0x00000220805a0000, 0x0000022080a80000, 0x0000022087ad0000]
CodeHeap 'non-nmethods': size=5760Kb used=1172Kb max_used=1196Kb free=4587Kb
 bounds [0x0000022080000000, 0x0000022080270000, 0x00000220805a0000]
 total_blobs=2831 nmethods=2328 adapters=414
 compilation: enabled
              stopped_count=0, restarted_count=0
 full_count=0

Compilation events (20 events):
Event: 3.009 Thread 0x00000220fe828800 nmethod 2282 0x0000022080a54290 code [0x0000022080a54460, 0x0000022080a546a8]
Event: 3.009 Thread 0x00000220fe828800 2283       3       java.lang.reflect.Method::isBridge (16 bytes)
Event: 3.010 Thread 0x00000220fe828800 nmethod 2283 0x0000022080a54810 code [0x0000022080a549c0, 0x0000022080a54b38]
Event: 3.010 Thread 0x00000220fe828800 2284       1       org.gradle.internal.reflect.MutablePropertyDetails::getName (5 bytes)
Event: 3.010 Thread 0x00000220fe828800 nmethod 2284 0x0000022087bf3a90 code [0x0000022087bf3c40, 0x0000022087bf3cf8]
Event: 3.010 Thread 0x00000220fe828800 2285       3       org.gradle.internal.instantiation.generator.AbstractClassGenerator$PropertyMetadata::isReadOnly (25 bytes)
Event: 3.010 Thread 0x00000220fe828800 nmethod 2285 0x0000022080a54c10 code [0x0000022080a54de0, 0x0000022080a55048]
Event: 3.010 Thread 0x00000220fe828800 2286       3       java.util.TreeMap$PrivateEntryIterator::nextEntry (54 bytes)
Event: 3.010 Thread 0x00000220fe828800 nmethod 2286 0x0000022080a55110 code [0x0000022080a55300, 0x0000022080a55728]
Event: 3.011 Thread 0x00000220fe828800 2287       1       org.gradle.internal.instantiation.generator.AbstractClassGenerator$PropertyMetadata::access$2000 (5 bytes)
Event: 3.011 Thread 0x00000220fe828800 nmethod 2287 0x0000022087bf3d90 code [0x0000022087bf3f40, 0x0000022087bf3fd8]
Event: 3.011 Thread 0x00000220fe828800 2289   !   3       jdk.internal.loader.AbstractClassLoaderValue::computeIfAbsent (113 bytes)
Event: 3.012 Thread 0x00000220fe828800 nmethod 2289 0x0000022080a55890 code [0x0000022080a55b40, 0x0000022080a56928]
Event: 3.012 Thread 0x00000220fe828800 2292       1       java.lang.reflect.Method::getSharedExceptionTypes (5 bytes)
Event: 3.012 Thread 0x00000220fe828800 nmethod 2292 0x0000022087bf4090 code [0x0000022087bf4240, 0x0000022087bf42f8]
Event: 3.012 Thread 0x00000220fe828800 2290       3       java.lang.reflect.Proxy::newProxyInstance (35 bytes)
Event: 3.013 Thread 0x00000220fe828800 nmethod 2290 0x0000022080a56f10 code [0x0000022080a57120, 0x0000022080a574b8]
Event: 3.013 Thread 0x00000220fe828800 2293       3       java.lang.PublicMethods$MethodList::<init> (10 bytes)
Event: 3.013 Thread 0x00000220fe828800 nmethod 2293 0x0000022080a57690 code [0x0000022080a57840, 0x0000022080a579f8]
Event: 3.013 Thread 0x00000220fe828800 2291       3       java.lang.reflect.Proxy::getProxyConstructor (92 bytes)

GC Heap History (6 events):
Event: 0.828 GC heap before
{Heap before GC invocations=0 (full 0):
 garbage-first heap   total 258048K, used 29696K [0x0000000080000000, 0x0000000100000000)
  region size 1024K, 24 young (24576K), 0 survivors (0K)
 Metaspace       used 9857K, capacity 10050K, committed 10112K, reserved 1058816K
  class space    used 1027K, capacity 1102K, committed 1152K, reserved 1048576K
}
Event: 0.832 GC heap after
{Heap after GC invocations=1 (full 0):
 garbage-first heap   total 258048K, used 9161K [0x0000000080000000, 0x0000000100000000)
  region size 1024K, 3 young (3072K), 3 survivors (3072K)
 Metaspace       used 9857K, capacity 10050K, committed 10112K, reserved 1058816K
  class space    used 1027K, capacity 1102K, committed 1152K, reserved 1048576K
}
Event: 2.370 GC heap before
{Heap before GC invocations=1 (full 0):
 garbage-first heap   total 258048K, used 107465K [0x0000000080000000, 0x0000000100000000)
  region size 1024K, 100 young (102400K), 3 survivors (3072K)
 Metaspace       used 20593K, capacity 21081K, committed 21248K, reserved 1067008K
  class space    used 2537K, capacity 2695K, committed 2816K, reserved 1048576K
}
Event: 2.378 GC heap after
{Heap after GC invocations=2 (full 0):
 garbage-first heap   total 258048K, used 16650K [0x0000000080000000, 0x0000000100000000)
  region size 1024K, 11 young (11264K), 11 survivors (11264K)
 Metaspace       used 20593K, capacity 21081K, committed 21248K, reserved 1067008K
  class space    used 2537K, capacity 2695K, committed 2816K, reserved 1048576K
}
Event: 2.843 GC heap before
{Heap before GC invocations=3 (full 0):
 garbage-first heap   total 258048K, used 68874K [0x0000000080000000, 0x0000000100000000)
  region size 1024K, 63 young (64512K), 11 survivors (11264K)
 Metaspace       used 26041K, capacity 26633K, committed 26752K, reserved 1073152K
  class space    used 3413K, capacity 3616K, committed 3712K, reserved 1048576K
}
Event: 2.848 GC heap after
{Heap after GC invocations=4 (full 0):
 garbage-first heap   total 258048K, used 19184K [0x0000000080000000, 0x0000000100000000)
  region size 1024K, 3 young (3072K), 3 survivors (3072K)
 Metaspace       used 26041K, capacity 26633K, committed 26752K, reserved 1073152K
  class space    used 3413K, capacity 3616K, committed 3712K, reserved 1048576K
}

Deoptimization events (20 events):
Event: 2.799 Thread 0x0000022090a12800 Uncommon trap: trap_request=0xffffff4d fr.pc=0x0000022087b754bc relative=0x000000000000137c
Event: 2.799 Thread 0x0000022090a12800 Uncommon trap: reason=unstable_if action=reinterpret pc=0x0000022087b754bc method=java.util.concurrent.ConcurrentHashMap.putVal(Ljava/lang/Object;Ljava/lang/Object;Z)Ljava/lang/Object; @ 231 c2
Event: 2.799 Thread 0x0000022090a12800 DEOPT PACKING pc=0x0000022087b754bc sp=0x000000ad2adfc8b0
Event: 2.799 Thread 0x0000022090a12800 DEOPT UNPACKING pc=0x00000220800083af sp=0x000000ad2adfc830 mode 2
Event: 2.813 Thread 0x0000022090a12800 Uncommon trap: trap_request=0xffffffde fr.pc=0x0000022087bdecdc relative=0x000000000000031c
Event: 2.813 Thread 0x0000022090a12800 Uncommon trap: reason=class_check action=maybe_recompile pc=0x0000022087bdecdc method=java.util.Collections$SetFromMap.remove(Ljava/lang/Object;)Z @ 5 c2
Event: 2.813 Thread 0x0000022090a12800 DEOPT PACKING pc=0x0000022087bdecdc sp=0x000000ad2adfc8a0
Event: 2.813 Thread 0x0000022090a12800 DEOPT UNPACKING pc=0x00000220800083af sp=0x000000ad2adfc888 mode 2
Event: 2.813 Thread 0x0000022090a12800 Uncommon trap: trap_request=0xffffffde fr.pc=0x0000022087bdecdc relative=0x000000000000031c
Event: 2.813 Thread 0x0000022090a12800 Uncommon trap: reason=class_check action=maybe_recompile pc=0x0000022087bdecdc method=java.util.Collections$SetFromMap.remove(Ljava/lang/Object;)Z @ 5 c2
Event: 2.813 Thread 0x0000022090a12800 DEOPT PACKING pc=0x0000022087bdecdc sp=0x000000ad2adfc830
Event: 2.813 Thread 0x0000022090a12800 DEOPT UNPACKING pc=0x00000220800083af sp=0x000000ad2adfc818 mode 2
Event: 2.984 Thread 0x0000022090a12800 Uncommon trap: trap_request=0xffffff4d fr.pc=0x0000022087bb124c relative=0x000000000000020c
Event: 2.984 Thread 0x0000022090a12800 Uncommon trap: reason=unstable_if action=reinterpret pc=0x0000022087bb124c method=java.util.HashMap.hash(Ljava/lang/Object;)I @ 1 c2
Event: 2.984 Thread 0x0000022090a12800 DEOPT PACKING pc=0x0000022087bb124c sp=0x000000ad2adf9200
Event: 2.984 Thread 0x0000022090a12800 DEOPT UNPACKING pc=0x00000220800083af sp=0x000000ad2adf9138 mode 2
Event: 2.984 Thread 0x0000022090a12800 Uncommon trap: trap_request=0xffffff4d fr.pc=0x0000022087b84b2c relative=0x000000000000008c
Event: 2.984 Thread 0x0000022090a12800 Uncommon trap: reason=unstable_if action=reinterpret pc=0x0000022087b84b2c method=java.util.HashMap.hash(Ljava/lang/Object;)I @ 1 c2
Event: 2.984 Thread 0x0000022090a12800 DEOPT PACKING pc=0x0000022087b84b2c sp=0x000000ad2adf8f70
Event: 2.984 Thread 0x0000022090a12800 DEOPT UNPACKING pc=0x00000220800083af sp=0x000000ad2adf8f08 mode 2

Classes redefined (0 events):
No events

Internal exceptions (20 events):
Event: 2.397 Thread 0x0000022090a12800 Exception <a 'java/lang/IncompatibleClassChangeError'{0x000000008fbcfde8}: Found class java.lang.Object, but interface was expected> (0x000000008fbcfde8) thrown at [./src/hotspot/share/interpreter/linkResolver.cpp, line 839]
Event: 2.415 Thread 0x0000022090a12800 Exception <a 'java/lang/NoSuchMethodError'{0x000000008f9d9928}: 'void java.lang.invoke.DirectMethodHandle$Holder.invokeStatic(java.lang.Object, java.lang.Object, java.lang.Object, java.lang.Object, java.lang.Object)'> (0x000000008f9d9928) thrown at [./src/hotspot/share/interpreter/linkResolver.cpp, line 773]
Event: 2.490 Thread 0x0000022090a12800 Exception <a 'java/lang/NoSuchMethodError'{0x000000008f2bfaa0}: 'java.lang.Object java.lang.invoke.DirectMethodHandle$Holder.invokeSpecial(java.lang.Object, java.lang.Object, java.lang.Object, java.lang.Object, java.lang.Object, java.lang.Object, java.lang.Object, java.lang.Object, java.lang.Object)'> (0x000000008f2bfaa0) thrown at [./src/hotspot/share/interpreter/linkResolver.cpp, line 773]
Event: 2.546 Thread 0x0000022090a12800 Exception <a 'java/lang/NoSuchMethodError'{0x000000008e8fe6e0}: 'java.lang.Object java.lang.invoke.DirectMethodHandle$Holder.invokeVirtual(java.lang.Object, java.lang.Object, java.lang.Object, java.lang.Object)'> (0x000000008e8fe6e0) thrown at [./src/hotspot/share/interpreter/linkResolver.cpp, line 773]
Event: 2.609 Thread 0x0000022090a12800 Exception <a 'java/lang/NoSuchMethodError'{0x000000008e1a6538}: 'void java.lang.invoke.DirectMethodHandle$Holder.invokeSpecial(java.lang.Object, java.lang.Object, java.lang.Object, java.lang.Object, java.lang.Object, java.lang.Object)'> (0x000000008e1a6538) thrown at [./src/hotspot/share/interpreter/linkResolver.cpp, line 773]
Event: 2.616 Thread 0x0000022090a12800 Exception <a 'java/lang/NoSuchMethodError'{0x000000008e016010}: 'void java.lang.invoke.DirectMethodHandle$Holder.invokeSpecial(java.lang.Object, java.lang.Object, java.lang.Object, java.lang.Object, java.lang.Object, java.lang.Object, java.lang.Object)'> (0x000000008e016010) thrown at [./src/hotspot/share/interpreter/linkResolver.cpp, line 773]
Event: 2.617 Thread 0x0000022090a12800 Exception <a 'java/lang/NoSuchMethodError'{0x000000008e01e500}: 'java.lang.Object java.lang.invoke.Invokers$Holder.linkToTargetMethod(java.lang.Object, java.lang.Object, java.lang.Object, java.lang.Object, java.lang.Object, java.lang.Object)'> (0x000000008e01e500) thrown at [./src/hotspot/share/interpreter/linkResolver.cpp, line 773]
Event: 2.693 Thread 0x0000022090a12800 Exception <a 'java/lang/NoSuchMethodError'{0x000000008d7766c0}: 'int java.lang.invoke.DirectMethodHandle$Holder.invokeStaticInit(java.lang.Object, java.lang.Object, java.lang.Object)'> (0x000000008d7766c0) thrown at [./src/hotspot/share/interpreter/linkResolver.cpp, line 773]
Event: 2.750 Thread 0x0000022090a12800 Exception <a 'java/lang/NoSuchMethodError'{0x000000008d2ab280}: 'void java.lang.invoke.DirectMethodHandle$Holder.invokeStaticInit(java.lang.Object, java.lang.Object)'> (0x000000008d2ab280) thrown at [./src/hotspot/share/interpreter/linkResolver.cpp, line 773]
Event: 2.807 Thread 0x0000022090a12800 Exception <a 'java/lang/NoSuchMethodError'{0x000000008cc0d710}: 'void java.lang.invoke.DirectMethodHandle$Holder.invokeStatic(java.lang.Object, java.lang.Object, java.lang.Object, java.lang.Object)'> (0x000000008cc0d710) thrown at [./src/hotspot/share/interpreter/linkResolver.cpp, line 773]
Event: 2.809 Thread 0x0000022090a12800 Exception <a 'java/lang/NoSuchMethodError'{0x000000008cc211b0}: 'int java.lang.invoke.DirectMethodHandle$Holder.invokeInterface(java.lang.Object, java.lang.Object)'> (0x000000008cc211b0) thrown at [./src/hotspot/share/interpreter/linkResolver.cpp, line 773]
Event: 2.890 Thread 0x0000022090a12800 Exception <a 'java/lang/NoSuchMethodError'{0x000000008f6fee10}: 'java.lang.Object java.lang.invoke.DirectMethodHandle$Holder.invokeSpecialIFC(java.lang.Object, java.lang.Object, java.lang.Object, java.lang.Object)'> (0x000000008f6fee10) thrown at [./src/hotspot/share/interpreter/linkResolver.cpp, line 773]
Event: 2.895 Thread 0x0000022090a12800 Exception <a 'java/lang/NoSuchMethodError'{0x000000008f5e2218}: 'java.lang.Object java.lang.invoke.DirectMethodHandle$Holder.invokeSpecial(java.lang.Object, java.lang.Object, java.lang.Object, java.lang.Object, java.lang.Object, java.lang.Object, java.lang.Object, java.lang.Object, java.lang.Object, java.lang.Object, java.lang.Object, java.lang.Object, java.lang.Object)'> (0x000000008f5e2218) thrown at [./src/hotspot/share/interpreter/linkResolver.cpp, line 773]
Event: 2.896 Thread 0x0000022090a12800 Exception <a 'java/lang/NoSuchMethodError'{0x000000008f5f3078}: 'java.lang.Object java.lang.invoke.DirectMethodHandle$Holder.invokeSpecial(java.lang.Object, java.lang.Object, java.lang.Object, java.lang.Object, java.lang.Object, java.lang.Object, java.lang.Object, java.lang.Object, java.lang.Object, java.lang.Object, java.lang.Object, java.lang.Object)'> (0x000000008f5f3078) thrown at [./src/hotspot/share/interpreter/linkResolver.cpp, line 773]
Event: 2.896 Thread 0x0000022090a12800 Exception <a 'java/lang/NoSuchMethodError'{0x000000008f5f81a0}: 'java.lang.Object java.lang.invoke.Invokers$Holder.linkToTargetMethod(java.lang.Object, java.lang.Object, java.lang.Object, java.lang.Object, java.lang.Object, java.lang.Object, java.lang.Object, java.lang.Object, java.lang.Object, java.lang.Object, java.lang.Object)'> (0x000000008f5f81a0) thrown at [./src/hotspot/share/interpreter/linkResolver.cpp, line 773]
Event: 2.904 Thread 0x0000022090a12800 Exception <a 'java/lang/NoSuchMethodError'{0x000000008f347a58}: 'java.lang.Object java.lang.invoke.DirectMethodHandle$Holder.invokeSpecial(java.lang.Object, java.lang.Object, java.lang.Object, java.lang.Object, java.lang.Object, java.lang.Object, java.lang.Object, java.lang.Object, java.lang.Object, java.lang.Object, java.lang.Object, java.lang.Object, java.lang.Object, java.lang.Object)'> (0x000000008f347a58) thrown at [./src/hotspot/share/interpreter/linkResolver.cpp, line 773]
Event: 2.905 Thread 0x0000022090a12800 Exception <a 'java/lang/NoSuchMethodError'{0x000000008f3590d0}: 'java.lang.Object java.lang.invoke.Invokers$Holder.linkToTargetMethod(java.lang.Object, java.lang.Object, java.lang.Object, java.lang.Object, java.lang.Object, java.lang.Object, java.lang.Object, java.lang.Object, java.lang.Object, java.lang.Object, java.lang.Object, java.lang.Object)'> (0x000000008f3590d0) thrown at [./src/hotspot/share/interpreter/linkResolver.cpp, line 773]
Event: 2.909 Thread 0x0000022090a12800 Exception <a 'java/lang/NoSuchMethodError'{0x000000008f3ee098}: 'java.lang.Object java.lang.invoke.DirectMethodHandle$Holder.invokeStaticInit(java.lang.Object, java.lang.Object, java.lang.Object, java.lang.Object)'> (0x000000008f3ee098) thrown at [./src/hotspot/share/interpreter/linkResolver.cpp, line 773]
Event: 2.984 Thread 0x0000022090a12800 Implicit null exception at 0x0000022087bb1075 to 0x0000022087bb123c
Event: 2.984 Thread 0x0000022090a12800 Implicit null exception at 0x0000022087b84aaf to 0x0000022087b84b1d

Events (20 events):
Event: 3.006 loading class org/gradle/internal/lazy/Lazy
Event: 3.006 loading class org/gradle/internal/lazy/Lazy done
Event: 3.007 loading class org/gradle/internal/management/DefaultVersionCatalogBuilderContainer
Event: 3.007 loading class org/gradle/internal/management/DefaultVersionCatalogBuilderContainer done
Event: 3.007 loading class org/gradle/api/internal/AbstractNamedDomainObjectContainer
Event: 3.007 loading class org/gradle/api/internal/AbstractNamedDomainObjectContainer done
Event: 3.008 loading class org/gradle/api/reflect/HasPublicType
Event: 3.008 loading class org/gradle/api/reflect/HasPublicType done
Event: 3.008 loading class org/gradle/api/internal/DefaultNamedDomainObjectSet
Event: 3.008 loading class org/gradle/api/internal/DefaultNamedDomainObjectSet done
Event: 3.009 loading class org/gradle/api/initialization/dsl/VersionCatalogBuilder
Event: 3.009 loading class org/gradle/api/initialization/dsl/VersionCatalogBuilder done
Event: 3.009 loading class org/gradle/api/initialization/resolve/RepositoriesMode
Event: 3.009 loading class org/gradle/api/initialization/resolve/RepositoriesMode done
Event: 3.009 loading class org/gradle/api/initialization/resolve/RulesMode
Event: 3.009 loading class org/gradle/api/initialization/resolve/RulesMode done
Event: 3.010 loading class javax/annotation/meta/When
Event: 3.010 loading class javax/annotation/meta/When done
Event: 3.011 loading class javax/annotation/meta/TypeQualifier
Event: 3.011 loading class javax/annotation/meta/TypeQualifier done


Dynamic libraries:
0x00007ff7652f0000 - 0x00007ff7652fa000 	C:\Program Files\Android\Android Studio\jre\bin\java.exe
0x00007ffa29af0000 - 0x00007ffa29ce8000 	C:\Windows\SYSTEM32\ntdll.dll
0x00007ffa28eb0000 - 0x00007ffa28f6d000 	C:\Windows\System32\KERNEL32.DLL
0x00007ffa27600000 - 0x00007ffa278ce000 	C:\Windows\System32\KERNELBASE.dll
0x00007ffa27a50000 - 0x00007ffa27b50000 	C:\Windows\System32\ucrtbase.dll
0x00007ff9f6c90000 - 0x00007ff9f6ca9000 	C:\Program Files\Android\Android Studio\jre\bin\jli.dll
0x00007ff9f2a20000 - 0x00007ff9f2a37000 	C:\Program Files\Android\Android Studio\jre\bin\VCRUNTIME140.dll
0x00007ffa27db0000 - 0x00007ffa27f50000 	C:\Windows\System32\USER32.dll
0x00007ffa268d0000 - 0x00007ffa26b6a000 	C:\Windows\WinSxS\amd64_microsoft.windows.common-controls_6595b64144ccf1df_6.0.19041.1110_none_60b5254171f9507e\COMCTL32.dll
0x00007ffa27280000 - 0x00007ffa272a2000 	C:\Windows\System32\win32u.dll
0x00007ffa27d10000 - 0x00007ffa27dae000 	C:\Windows\System32\msvcrt.dll
0x00007ffa28e20000 - 0x00007ffa28e4a000 	C:\Windows\System32\GDI32.dll
0x00007ffa272e0000 - 0x00007ffa273eb000 	C:\Windows\System32\gdi32full.dll
0x00007ffa27920000 - 0x00007ffa279bd000 	C:\Windows\System32\msvcp_win.dll
0x00007ffa29980000 - 0x00007ffa299b0000 	C:\Windows\System32\IMM32.DLL
0x00007ff9d7960000 - 0x00007ff9d79fd000 	C:\Program Files\Android\Android Studio\jre\bin\msvcp140.dll
0x00007ff99fd40000 - 0x00007ff9a0815000 	C:\Program Files\Android\Android Studio\jre\bin\server\jvm.dll
0x00007ffa27c60000 - 0x00007ffa27d0e000 	C:\Windows\System32\ADVAPI32.dll
0x00007ffa27bc0000 - 0x00007ffa27c5c000 	C:\Windows\System32\sechost.dll
0x00007ffa28cf0000 - 0x00007ffa28e15000 	C:\Windows\System32\RPCRT4.dll
0x00007ffa27b50000 - 0x00007ffa27b58000 	C:\Windows\System32\PSAPI.DLL
0x00007ffa19a60000 - 0x00007ffa19a69000 	C:\Windows\SYSTEM32\WSOCK32.dll
0x00007ffa0ea10000 - 0x00007ffa0ea37000 	C:\Windows\SYSTEM32\WINMM.dll
0x00007ffa24ff0000 - 0x00007ffa24ffa000 	C:\Windows\SYSTEM32\VERSION.dll
0x00007ffa299b0000 - 0x00007ffa29a1b000 	C:\Windows\System32\WS2_32.dll
0x00007ffa24c60000 - 0x00007ffa24c72000 	C:\Windows\SYSTEM32\kernel.appcore.dll
0x00007ffa23530000 - 0x00007ffa23541000 	C:\Program Files\Android\Android Studio\jre\bin\verify.dll
0x00007ffa26c40000 - 0x00007ffa26e24000 	C:\Windows\SYSTEM32\DBGHELP.DLL
0x00007ffa26b90000 - 0x00007ffa26bbc000 	C:\Windows\SYSTEM32\dbgcore.DLL
0x00007ffa279c0000 - 0x00007ffa27a42000 	C:\Windows\System32\bcryptPrimitives.dll
0x00007ffa0c4e0000 - 0x00007ffa0c509000 	C:\Program Files\Android\Android Studio\jre\bin\java.dll
0x00007ffa23990000 - 0x00007ffa2399b000 	C:\Program Files\Android\Android Studio\jre\bin\jimage.dll
0x00007ffa23100000 - 0x00007ffa23118000 	C:\Program Files\Android\Android Studio\jre\bin\zip.dll
0x00007ffa280e0000 - 0x00007ffa28824000 	C:\Windows\System32\SHELL32.dll
0x00007ffa24230000 - 0x00007ffa249c4000 	C:\Windows\SYSTEM32\windows.storage.dll
0x00007ffa28900000 - 0x00007ffa28c54000 	C:\Windows\System32\combase.dll
0x00007ffa26560000 - 0x00007ffa26590000 	C:\Windows\SYSTEM32\Wldp.dll
0x00007ffa29440000 - 0x00007ffa294ed000 	C:\Windows\System32\SHCORE.dll
0x00007ffa28080000 - 0x00007ffa280d5000 	C:\Windows\System32\shlwapi.dll
0x00007ffa27150000 - 0x00007ffa2716f000 	C:\Windows\SYSTEM32\profapi.dll
0x00007ffa10200000 - 0x00007ffa1021a000 	C:\Program Files\Android\Android Studio\jre\bin\net.dll
0x00007ffa1f0e0000 - 0x00007ffa1f1ea000 	C:\Windows\SYSTEM32\WINHTTP.dll
0x00007ffa262e0000 - 0x00007ffa2634a000 	C:\Windows\system32\mswsock.dll
0x00007ffa0bad0000 - 0x00007ffa0bae4000 	C:\Program Files\Android\Android Studio\jre\bin\nio.dll
0x00007ff9ff330000 - 0x00007ff9ff357000 	C:\Users\tjhar\.gradle\native\e1d6ef7f7dcc3fd88c89a11ec53ec762bb8ba0a96d01ffa2cd45eb1d1d8dd5c5\windows-amd64\native-platform.dll
0x00007ff9baa00000 - 0x00007ff9bab44000 	C:\Users\tjhar\.gradle\native\5664cfc778a61ccfe75a443a1ab52a65af34e5dc3c78e0209fed803814484fcb\windows-amd64\native-platform-file-events.dll
0x00007ffa238c0000 - 0x00007ffa238ca000 	C:\Program Files\Android\Android Studio\jre\bin\management.dll
0x00007ffa23820000 - 0x00007ffa2382d000 	C:\Program Files\Android\Android Studio\jre\bin\management_ext.dll
0x00007ffa26fa0000 - 0x00007ffa26fb8000 	C:\Windows\SYSTEM32\CRYPTSP.dll
0x00007ffa25c50000 - 0x00007ffa25c84000 	C:\Windows\system32\rsaenh.dll
0x00007ffa272b0000 - 0x00007ffa272d7000 	C:\Windows\System32\bcrypt.dll
0x00007ffa270d0000 - 0x00007ffa270fe000 	C:\Windows\SYSTEM32\USERENV.dll
0x00007ffa264d0000 - 0x00007ffa264dc000 	C:\Windows\SYSTEM32\CRYPTBASE.dll
0x00007ffa25fb0000 - 0x00007ffa25feb000 	C:\Windows\SYSTEM32\IPHLPAPI.DLL
0x00007ffa28ce0000 - 0x00007ffa28ce8000 	C:\Windows\System32\NSI.dll
0x00007ffa1bca0000 - 0x00007ffa1bcb7000 	C:\Windows\SYSTEM32\dhcpcsvc6.DLL
0x00007ffa1bd80000 - 0x00007ffa1bd9d000 	C:\Windows\SYSTEM32\dhcpcsvc.DLL
0x00007ffa25ff0000 - 0x00007ffa260ba000 	C:\Windows\SYSTEM32\DNSAPI.dll

dbghelp: loaded successfully - version: 4.0.5 - missing functions: none
symbol engine: initialized successfully - sym options: 0x614 - pdb path: .;C:\Program Files\Android\Android Studio\jre\bin;C:\Windows\SYSTEM32;C:\Windows\WinSxS\amd64_microsoft.windows.common-controls_6595b64144ccf1df_6.0.19041.1110_none_60b5254171f9507e;C:\Program Files\Android\Android Studio\jre\bin\server;C:\Users\tjhar\.gradle\native\e1d6ef7f7dcc3fd88c89a11ec53ec762bb8ba0a96d01ffa2cd45eb1d1d8dd5c5\windows-amd64;C:\Users\tjhar\.gradle\native\5664cfc778a61ccfe75a443a1ab52a65af34e5dc3c78e0209fed803814484fcb\windows-amd64

VM Arguments:
jvm_args: --add-opens=java.base/java.util=ALL-UNNAMED --add-opens=java.base/java.lang=ALL-UNNAMED --add-opens=java.base/java.lang.invoke=ALL-UNNAMED --add-opens=java.base/java.util=ALL-UNNAMED --add-opens=java.prefs/java.util.prefs=ALL-UNNAMED --add-opens=java.prefs/java.util.prefs=ALL-UNNAMED --add-opens=java.base/java.nio.charset=ALL-UNNAMED --add-opens=java.base/java.net=ALL-UNNAMED --add-opens=java.base/java.util.concurrent.atomic=ALL-UNNAMED -Xmx2048m -Dfile.encoding=UTF-8 -Duser.country=US -Duser.language=en -Duser.variant 
java_command: org.gradle.launcher.daemon.bootstrap.GradleDaemon 7.2
java_class_path (initial): C:\Users\tjhar\.gradle\wrapper\dists\gradle-7.2-bin\2dnblmf4td7x66yl1d74lt32g\gradle-7.2\lib\gradle-launcher-7.2.jar
Launcher Type: SUN_STANDARD

[Global flags]
     intx CICompilerCount                          = 4                                         {product} {ergonomic}
     uint ConcGCThreads                            = 2                                         {product} {ergonomic}
     uint G1ConcRefinementThreads                  = 8                                         {product} {ergonomic}
   size_t G1HeapRegionSize                         = 1048576                                   {product} {ergonomic}
    uintx GCDrainStackTargetSize                   = 64                                        {product} {ergonomic}
   size_t InitialHeapSize                          = 264241152                                 {product} {ergonomic}
   size_t MarkStackSize                            = 4194304                                   {product} {ergonomic}
   size_t MaxHeapSize                              = 2147483648                                {product} {command line}
   size_t MaxNewSize                               = 1287651328                                {product} {ergonomic}
   size_t MinHeapDeltaBytes                        = 1048576                                   {product} {ergonomic}
    uintx NonNMethodCodeHeapSize                   = 5836300                                {pd product} {ergonomic}
    uintx NonProfiledCodeHeapSize                  = 122910970                              {pd product} {ergonomic}
    uintx ProfiledCodeHeapSize                     = 122910970                              {pd product} {ergonomic}
    uintx ReservedCodeCacheSize                    = 251658240                              {pd product} {ergonomic}
     bool SegmentedCodeCache                       = true                                      {product} {ergonomic}
     bool UseCompressedClassPointers               = true                                 {lp64_product} {ergonomic}
     bool UseCompressedOops                        = true                                 {lp64_product} {ergonomic}
     bool UseG1GC                                  = true                                      {product} {ergonomic}
     bool UseLargePagesIndividualAllocation        = false                                  {pd product} {ergonomic}

Logging:
Log output configuration:
 #0: stdout all=warning uptime,level,tags
 #1: stderr all=off uptime,level,tags

Environment Variables:
JAVA_HOME=C:\Program Files\Java\jdk1.8.0_312
CLASSPATH=%CLASSPATH%;C:\Users\tjhar\Documents\JSON\json-simple-1.1.1.jar;%SLF4J%\slf4j-jdk14-1.7.30;C:\Users\tjhar\Documents\AWS\SDK\aws-java-sdk-1.12.131\lib;
PATH=C:\Program Files\Common Files\Oracle\Java\javapath;C:\Program Files (x86)\Common Files\Oracle\Java\javapath;C:\Windows\system32;C:\Windows;C:\Windows\System32\Wbem;C:\Windows\System32\WindowsPowerShell\v1.0\;C:\Windows\System32\OpenSSH\;C:\WINDOWS\SYSTEM32;c:\Program Files\java\jdk\bin;C:\Program Files (x86)\NVIDIA Corporation\PhysX\Common;C:\Program Files\nodejs\;C:\ProgramData\chocolatey\bin; ;C:\Program Files\Microsoft SQL Server\130\Tools\Binn\;C:\Program Files\Git\cmd;C:\Program Files (x86)\PharosSystems\Core;C:\Program Files\dotnet\;C:\Program Files (x86)\Devart\EntityDeveloper\Console;C:\Program Files\Microsoft SQL Server\150\Tools\Binn\;C:\Program Files\Microsoft SQL Server\Client SDK\ODBC\170\Tools\Binn\;C:\Program Files\Docker\Docker\resources\bin;C:\ProgramData\DockerDesktop\version-bin;C:\Program Files\MySQL\MySQL Shell 8.0\bin\;C:\Users\tjhar\AppData\Local\Microsoft\WindowsApps;C:\Program Files\JetBrains\PyCharm Community Edition 2021.2.1\bin;;C:\Program Files\JetBrains\IntelliJ IDEA Community Edition 2021.2.1\bin;;C:\Users\tjhar\AppData\Local\Programs\Microsoft VS Code\bin;C:\Users\tjhar\AppData\Roaming\npm;C:\Python39\Scripts;C:\Program Files\JetBrains\PyCharm 2021.2.2\bin;;C:\Users\tjhar\AppData\Local\GitHubDesktop\bin;C:\Program Files\heroku\bin;C:\Program Files\Java\jre1.8.0_301\bin;C:\Program Files\Java\jdk1.8.0_312\bin;C:\Program Files\apache-maven-3.8.4-bin\apache-maven-3.8.4\bin;C:\Program Files\apache-log4j-2.17.0-bin;C:\Program Files\Java\jdk-17.0.1\bin;C:\Program Files\JetBrains\IntelliJ IDEA 2021.3.1\bin;;C:\Users\tjhar\.dotnet\tools;C:\Program Files (x86)\Devart\EntityDeveloper\Console;C:\Users\tjhar\Documents\NuGet\;
USERNAME=tjhar
OS=Windows_NT
PROCESSOR_IDENTIFIER=Intel64 Family 6 Model 140 Stepping 1, GenuineIntel



---------------  S Y S T E M  ---------------

OS: Windows 10 , 64 bit Build 19041 (10.0.19041.1889)
OS uptime: 9 days 15:57 hours
Hyper-V role detected

CPU:total 8 (initial active 8) (4 cores per cpu, 2 threads per core) family 6 model 140 stepping 1 microcode 0x86, cmov, cx8, fxsr, mmx, sse, sse2, sse3, ssse3, sse4.1, sse4.2, popcnt, avx, avx2, aes, clmul, erms, 3dnowpref, lzcnt, ht, tsc, tscinvbit, bmi1, bmi2, adx, evex, sha, fma

Memory: 4k page, system-wide physical 16065M (3327M free)
TotalPageFile size 24065M (AvailPageFile size 2M)
current process WorkingSet (physical memory assigned to process): 260M, peak: 260M
current process commit charge ("private bytes"): 427M, peak: 428M

vm_info: OpenJDK 64-Bit Server VM (11.0.11+9-b60-7590822) for windows-amd64 JRE (11.0.11+9-b60-7590822), built on Jul 29 2021 21:43:44 by "builder" with MS VC++ 14.0 (VS2015)

END.
